\BOOKMARK [0][-]{chapter.1}{Uvod}{}% 1
\BOOKMARK [0][-]{chapter.2}{Umjetna neuronska mre\236a}{}% 2
\BOOKMARK [1][-]{section.2.1}{Umjetni neuron}{chapter.2}% 3
\BOOKMARK [2][-]{subsection.2.1.1}{Prijenosne funkcije}{section.2.1}% 4
\BOOKMARK [1][-]{section.2.2}{Arhitektura umjetne neuronske mre\236e}{chapter.2}% 5
\BOOKMARK [1][-]{section.2.3}{Ucenje umjetne neuronske mre\236e}{chapter.2}% 6
\BOOKMARK [2][-]{subsection.2.3.1}{Funkcija gubitka}{section.2.3}% 7
\BOOKMARK [2][-]{subsection.2.3.2}{Gradijentni spust}{section.2.3}% 8
\BOOKMARK [2][-]{subsection.2.3.3}{Optimizacija}{section.2.3}% 9
\BOOKMARK [2][-]{subsection.2.3.4}{Regularizacija}{section.2.3}% 10
\BOOKMARK [2][-]{subsection.2.3.5}{Propagacija pogre\235ke unatrag}{section.2.3}% 11
\BOOKMARK [0][-]{chapter.3}{Konvolucijska neuronska mre\236a}{}% 12
\BOOKMARK [1][-]{section.3.1}{Rezidualna neuronska mre\236a}{chapter.3}% 13
\BOOKMARK [0][-]{chapter.4}{Implementacija}{}% 14
\BOOKMARK [1][-]{section.4.1}{Kori\235teni alati i tehnologije}{chapter.4}% 15
\BOOKMARK [1][-]{section.4.2}{NYU Depth podaci}{chapter.4}% 16
\BOOKMARK [1][-]{section.4.3}{Priprema podataka}{chapter.4}% 17
\BOOKMARK [1][-]{section.4.4}{Arhitektura modela}{chapter.4}% 18
\BOOKMARK [0][-]{chapter.5}{Rezultati}{}% 19
\BOOKMARK [0][-]{chapter.6}{Zakljucak}{}% 20
\BOOKMARK [0][-]{chapter*.19}{Literatura}{}% 21
